<?xml version="1.0" encoding="UTF-8"?>
<!-- Generated by org.testng.reporters.JUnitReportReporter -->
<testsuite hostname="LAPTOP-HTH010Q4" failures="0" tests="1" name="runner.TestRunner" time="14.974" errors="0" timestamp="2024-04-07T10:34:53 SGT" skipped="0">
  <testcase classname="runner.TestRunner" name="runScenario" time="14.974"/>
</testsuite> <!-- runner.TestRunner -->
