<?xml version="1.0" encoding="UTF-8"?>
<!-- Generated by org.testng.reporters.JUnitReportReporter -->
<testsuite hostname="LAPTOP-HTH010Q4" failures="0" tests="1" name="runner.RunnerTest" time="11.896" errors="0" timestamp="2024-04-07T11:56:35 SGT" skipped="0">
  <testcase classname="runner.RunnerTest" name="runScenario" time="11.896"/>
</testsuite> <!-- runner.RunnerTest -->
